make all --print-data-base --no-builtin-variables --no-builtin-rules --question
# GNU Make 3.81
# Copyright (C) 2006  Free Software Foundation, Inc.
# This is free software; see the source for copying conditions.
# There is NO warranty; not even for MERCHANTABILITY or FITNESS FOR A
# PARTICULAR PURPOSE.

# This program built for i386-apple-darwin11.3.0
 

# Make data base, printed on Fri May 27 17:18:05 2022

# Variables

# automatic
<D = $(patsubst %/,%,$(dir $<))
# automatic
?F = $(notdir $?)
# makefile (from `Makefile', line 24)
SUR = \033[7m
# environment
VSCODE_LOG_NATIVE = false
# automatic
?D = $(patsubst %/,%,$(dir $?))
# makefile (from `Makefile', line 40)
INCLUDES = includes/philosophers.h
# automatic
@D = $(patsubst %/,%,$(dir $@))
# automatic
@F = $(notdir $@)
# makefile
 
CURDIR := /Users/gchatain/Documents/42/philosophers
# makefile (from `Makefile', line 19)
PINK = \033[35m
# makefile
SHELL = /bin/sh
# makefile (from `Makefile', line 43)
NORM = $(shell norminette sources | grep -c 'Error!')
# environment
VSCODE_NLS_CONFIG = {"locale":"fr","availableLanguages":{"*":"fr"},"_languagePackId":"25fe6a3290ec415596628d4afc87a88c.fr","_translationsConfigFile":"/Users/gchatain/Library/Application Support/Code/clp/25fe6a3290ec415596628d4afc87a88c.fr/tcf.json","_cacheRoot":"/Users/gchatain/Library/Application Support/Code/clp/25fe6a3290ec415596628d4afc87a88c.fr","_resolvedLanguagePackCoreLocation":"/Users/gchatain/Library/Application Support/Code/clp/25fe6a3290ec415596628d4afc87a88c.fr/57fd6d0195bb9b9d1b49f6da5db789060795de47","_corruptedFile":"/Users/gchatain/Library/Application Support/Code/clp/25fe6a3290ec415596628d4afc87a88c.fr/corrupted.info","_languagePackSupport":true}
# environment
_ = /usr/bin/make
# makefile (from `Makefile', line 18)
BLUE = \033[34m
# makefile (from `Makefile', line 1)
MAKEFILE_LIST :=  Makefile
# makefile (from `Makefile', line 38)
SRCS = $(addprefix sources/,$(LST_SRCS))
# environment
VSCODE_VERBOSE_LOGGING = true
# makefile (from `Makefile', line 37)
OBJS = $(addprefix .objects/,$(LST_OBJS))
# makefile (from `Makefile', line 31)
LST_SRCS := ft_atoi.c ft_printf.c ft_putchar_fd.c ft_putnbr_fd.c ft_putstr_fd.c main.c printf_function.c ft_itoa.c ft_strlen.c ft_strncmp.c simulation.c init.c utils.c
# environment
P9K_SSH = 0
# environment
VSCODE_IPC_HOOK_EXTHOST = /var/folders/zz/zyxvpxvq6csfxvn_n000b7c0002sv0/T/vscode-ipc-b77e4484-d9b5-4e08-ac6e-60be383aadf0.sock
# environment
VSCODE_CWD = /
# environment
Apple_PubSub_Socket_Render = /private/tmp/com.apple.launchd.IITcbIQ7Ld/Render
# environment
PATH = /Users/gchatain/.brew/bin:/Users/gchatain/.brew/bin:/Users/gchatain/.brew/bin:/usr/local/bin:/usr/bin:/bin:/usr/sbin:/sbin:/usr/local/munki:/opt/X11/bin
# makefile (from `Makefile', line 22)
BOLD = \033[1m
# environment
LSCOLORS = Gxfxcxdxbxegedabagacad
# makefile (from `Makefile', line 25)
END = \033[0m
# environment
VSCODE_LOG_STACK = false
# environment
ELECTRON_RUN_AS_NODE = 1
# default
.FEATURES := target-specific order-only second-expansion else-if archives jobserver check-symlink
# environment
SSH_AUTH_SOCK = /private/tmp/com.apple.launchd.6BRQ0o1IEc/Listeners
# automatic
%F = $(notdir $%)
# environment
HOMEBREW_TEMP = /tmp/gchatain/Homebrew/Temp
# environment
DISPLAY = /private/tmp/com.apple.launchd.9TLz72rjcG/org.xquartz:0
# makefile (from `Makefile', line 46)
NORM_RET = "$(ERASE)$(GREEN)[DONE]$(END) $(NAME)\n"
# environment
VSCODE_PIPE_LOGGING = true
# environment
PWD = /Users/gchatain/Documents/42/philosophers
# makefile (from `Makefile', line 14)
GREY = \033[30m
# environment
ORIGINAL_XDG_CURRENT_DESKTOP = undefined
# makefile (from `Makefile', line 16)
GREEN = \033[32m
# environment
VSCODE_AMD_ENTRYPOINT = vs/workbench/api/node/extensionHostProcess
# environment
HOME = /Users/gchatain
# default
MAKEFILEPATH := /Applications/Xcode.app/Contents/Developer/Makefiles
# environment
VSCODE_CODE_CACHE_PATH = /Users/gchatain/Library/Application Support/Code/CachedData/57fd6d0195bb9b9d1b49f6da5db789060795de47
# environment
LOGNAME = gchatain
# environment
APPLICATION_INSIGHTS_NO_DIAGNOSTIC_CHANNEL = 1
# environment
ZSH = /Users/gchatain/.oh-my-zsh
# environment
VSCODE_HANDLES_UNCAUGHT_ERRORS = true
# automatic
^D = $(patsubst %/,%,$(dir $^))
# environment
XPC_FLAGS = 0x0
# default
MAKE = $(MAKE_COMMAND)
# default
MAKECMDGOALS := all
# environment
HOMEBREW_CACHE = /tmp/gchatain/Homebrew/Caches
# environment
SHLVL = 1
# makefile (from `Makefile', line 21)
WHITE = \033[37m
# makefile (from `Makefile', line 29)
CC := gcc
# makefile (from `Makefile', line 13)
ERASE = \033[2K\r
# default
MAKE_VERSION := 3.81
# environment
USER = gchatain
# makefile
.DEFAULT_GOAL := all
# makefile (from `Makefile', line 27)
NAME := philo
# environment
LESS = -R
# automatic
%D = $(patsubst %/,%,$(dir $%))
# default
MAKE_COMMAND := /Applications/Xcode.app/Contents/Developer/usr/bin/make
# default
.VARIABLES := 
# environment
TMPDIR = /var/folders/zz/zyxvpxvq6csfxvn_n000b7c0002sv0/T/
# automatic
*F = $(notdir $*)
# environment
VSCODE_IPC_HOOK = /Users/gchatain/Library/Application Support/Code/1.67.0-main.sock
# makefile (from `Makefile', line 23)
UNDER = \033[4m
# makefile (from `Makefile', line 15)
RED = \033[31m
# makefile
MAKEFLAGS = sRrqp
# environment
MFLAGS = -sRrqp
# automatic
*D = $(patsubst %/,%,$(dir $*))
# environment
XPC_SERVICE_NAME = com.apple.xpc.launchd.oneshot.0x10000005.Electron
# automatic
+D = $(patsubst %/,%,$(dir $+))
# makefile (from `Makefile', line 17)
YELLOW = \033[33m
# makefile (from `Makefile', line 20)
CYAN = \033[36m
# automatic
+F = $(notdir $+)
# environment
__CF_USER_TEXT_ENCODING = 0x16760:0x0:0x0
# environment
COMMAND_MODE = unix2003
# default
MAKEFILES := 
# automatic
<F = $(notdir $<)
# makefile (from `Makefile', line 41)
DIR_INCLUDES = $(sort $(addprefix -I, $(dir $(INCLUDES))))
# environment
PAGER = less
# environment
LC_ALL = C
# makefile (from `Makefile', line 36)
LST_OBJS := ft_atoi.o ft_printf.o ft_putchar_fd.o ft_putnbr_fd.o ft_putstr_fd.o main.o printf_function.o ft_itoa.o ft_strlen.o ft_strncmp.o simulation.o init.o utils.o
# environment
SECURITYSESSIONID = 186a8
# automatic
^F = $(notdir $^)
# default
SUFFIXES := 
# makefile (from `Makefile', line 28)
FLAGS := -Werror -Wall -Wextra
# default
.INCLUDE_DIRS = /usr/local/include
# environment
MAKELEVEL := 0
# environment
LANG = C
# environment
VSCODE_PID = 1163
# variable set hash-table stats:
# Load=95/1024=9%, Rehash=0, Collisions=9/131=7%

# Pattern-specific Variable Values

# No pattern-specific variable values.

# Directories

# . (device 16777229, inode 1844885): 7 files, no impossibilities.
# sources (device 16777229, inode 1845031): 3 files, no impossibilities so far.
# includes (device 16777229, inode 1845029): No files, no impossibilities so far.

# 10 files, no impossibilities in 3 directories.

# Implicit Rules

.objects/%.o: sources/%.c includes/philosophers.h | .objects
#  commands to execute (from `Makefile', line 58):
	$(CC) $(FLAGS) -c $< -o $@ $(DIR_INCLUDES)
	printf "$(ERASE)$(PINK)[BUILD]$(END) $@"
	

# 1 implicit rules, 0 (0.0%) terminal.

# Files

# Not a target:
.objects/printf_function.o:
#  Implicit rule search has not been done.
#  Modification time never checked.
#  File has not been updated.

# Not a target:
.objects/simulation.o:
#  Implicit rule search has not been done.
#  Modification time never checked.
#  File has not been updated.

.objects:
#  Implicit rule search has not been done.
#  Implicit/static pattern stem: `'
#  File does not exist.
#  File has been updated.
#  Needs to be updated (-q is set).
# automatic
# @ := .objects
# automatic
# % := 
# automatic
# * := 
# automatic
# + := 
# automatic
# | := 
# automatic
# < := 
# automatic
# ^ := 
# automatic
# ? := 
# variable set hash-table stats:
# Load=8/32=25%, Rehash=0, Collisions=1/10=10%
#  commands to execute (from `Makefile', line 62):
	mkdir -p .objects
	

all: philo
#  Phony target (prerequisite of .PHONY).
#  Command-line target.
#  Implicit rule search has not been done.
#  File does not exist.
#  File has been updated.
#  Needs to be updated (-q is set).
# variable set hash-table stats:
# Load=0/32=0%, Rehash=0, Collisions=0/2=0%

philo: .objects/ft_atoi.o .objects/ft_printf.o .objects/ft_putchar_fd.o .objects/ft_putnbr_fd.o .objects/ft_putstr_fd.o .objects/main.o .objects/printf_function.o .objects/ft_itoa.o .objects/ft_strlen.o .objects/ft_strncmp.o .objects/simulation.o .objects/init.o .objects/utils.o Makefile includes/philosophers.h
#  Implicit rule search has not been done.
#  File does not exist.
#  File has been updated.
#  Needs to be updated (-q is set).
# variable set hash-table stats:
# Load=0/32=0%, Rehash=0, Collisions=0/2=0%
#  commands to execute (from `Makefile', line 54):
	$(CC) $(FLAGS) -o $(NAME) $(OBJS) $(DIR_INCLUDES)
	printf $(NORM_RET)
	

# Not a target:
.objects/ft_printf.o:
#  Implicit rule search has not been done.
#  Modification time never checked.
#  File has not been updated.

 
.PHONY: all re fclean clean
#  Implicit rule search has not been done.
#  Modification time never checked.
#  File has not been updated.

# Not a target:
includes/philosophers.h:
#  Implicit rule search has been done.
#  Last modified 2022-05-23 11:48:45
#  File has been updated.
#  Successfully updated.
# variable set hash-table stats:
# Load=0/32=0%, Rehash=0, Collisions=0/0=0%

# Not a target:
.objects/init.o:
#  Implicit rule search has not been done.
#  Modification time never checked.
#  File has not been updated.

# Not a target:
.SUFFIXES:
#  Implicit rule search has not been done.
#  Modification time never checked.
#  File has not been updated.

# Not a target:
Makefile:
#  Implicit rule search has been done.
#  Last modified 2022-05-23 11:48:45
#  File has been updated.
#  Successfully updated.
# variable set hash-table stats:
# Load=0/32=0%, Rehash=0, Collisions=0/0=0%

# Not a target:
.objects/ft_putnbr_fd.o:
#  Implicit rule search has not been done.
#  Modification time never checked.
#  File has not been updated.

fclean: clean
#  Phony target (prerequisite of .PHONY).
#  Implicit rule search has not been done.
#  File does not exist.
#  File has not been updated.
#  commands to execute (from `Makefile', line 69):
	rm -rf $(NAME)
	printf "${ERASE}${RED}[DELETE]${END} ${NAME}\n"
	

.SILENT:
#  Implicit rule search has not been done.
#  Modification time never checked.
#  File has not been updated.

# Not a target:
.objects/ft_strncmp.o:
#  Implicit rule search has not been done.
#  Modification time never checked.
#  File has not been updated.

# Not a target:
.DEFAULT:
#  Implicit rule search has not been done.
#  Modification time never checked.
#  File has not been updated.

re: fclean all
#  Phony target (prerequisite of .PHONY).
#  Implicit rule search has not been done.
#  File does not exist.
#  File has not been updated.

clean:
#  Phony target (prerequisite of .PHONY).
#  Implicit rule search has not been done.
#  File does not exist.
#  File has not been updated.
#  commands to execute (from `Makefile', line 65):
	rm -rf .objects
	printf "${ERASE}${RED}[DELETE]${END} objects\n"
	

# Not a target:
.objects/ft_putstr_fd.o:
#  Implicit rule search has not been done.
#  Modification time never checked.
#  File has not been updated.

# Not a target:
.objects/utils.o:
#  Implicit rule search has not been done.
#  Modification time never checked.
#  File has not been updated.

# Not a target:
.objects/main.o:
#  Implicit rule search has not been done.
#  Modification time never checked.
#  File has not been updated.

# Not a target:
.objects/ft_putchar_fd.o:
#  Implicit rule search has not been done.
#  Modification time never checked.
#  File has not been updated.

.objects/ft_atoi.o: sources/ft_atoi.c includes/philosophers.h | .objects
#  Implicit rule search has been done.
#  Implicit/static pattern stem: `ft_atoi'
#  File does not exist.
#  File has been updated.
#  Needs to be updated (-q is set).
# variable set hash-table stats:
# Load=0/32=0%, Rehash=0, Collisions=0/2=0%
#  commands to execute (from `Makefile', line 58):
	$(CC) $(FLAGS) -c $< -o $@ $(DIR_INCLUDES)
	printf "$(ERASE)$(PINK)[BUILD]$(END) $@"
	

# Not a target:
sources/ft_atoi.c:
#  Implicit rule search has been done.
#  Last modified 2022-05-23 11:48:45
#  File has been updated.
#  Successfully updated.
# variable set hash-table stats:
# Load=0/32=0%, Rehash=0, Collisions=0/0=0%

# Not a target:
.objects/ft_itoa.o:
#  Implicit rule search has not been done.
#  Modification time never checked.
#  File has not been updated.

# Not a target:
.objects/ft_strlen.o:
#  Implicit rule search has not been done.
#  Modification time never checked.
#  File has not been updated.

# files hash-table stats:
# Load=26/1024=3%, Rehash=0, Collisions=2/70=3%
# VPATH Search Paths

# No `vpath' search paths.

# No general (`VPATH' variable) search path.

# # of strings in strcache: 1
# # of strcache buffers: 1
# strcache size: total = 4096 / max = 4096 / min = 4096 / avg = 4096
# strcache free: total = 4087 / max = 4087 / min = 4087 / avg = 4087

# Finished Make data base on Fri May 27 17:18:05 2022

 
